Regridding GRA2PES data from base (Lambert Conical Conformal) to regridded (Lat/Lon)
Git hash of this regrid = 97cc4370153f7a1f9b5c817d3746ef98955005ca
Starting regrid at 1730677587.2091036
Saving regridded data to /uufs/chpc.utah.edu/common/home/lin-group9/agm/inventories/GRA2PES/regridded0.025x0.025
Regridding AG for 2021-6 weekdy
Found 13Tb free space
Summing on dimension  zlevel
Creating regridder
Regridding
Slicing extent:  {'lon_min': -113, 'lon_max': -111, 'lat_min': 40, 'lat_max': 42}
Loading regridded dataset into memory
Saving regridded dataset

Regridding ONROAD_GAS for 2021-6 weekdy
Found 13Tb free space
Summing on dimension  zlevel
Regridding
Slicing extent:  {'lon_min': -113, 'lon_max': -111, 'lat_min': 40, 'lat_max': 42}
Loading regridded dataset into memory
Saving regridded dataset

Finished regrid at 1730677845.8060777
Time taken: 258.5969741344452
