
Downloading and extracting AG for 2021-1
Found 15Tb free space
Downloading ftp://ftp.al.noaa.gov/GRA2PESv1.0_AG_202101.tar.gz to /uufs/chpc.utah.edu/common/home/lin-group9/agm/inventories/GRA2PES/base_v1.0/.download
Extracting GRA2PESv1.0_AG_202101.tar.gz
Deleting GRA2PESv1.0_AG_202101.tar.gz

Downloading and extracting AVIATION for 2021-1
Found 15Tb free space
Downloading ftp://ftp.al.noaa.gov/GRA2PESv1.0_AVIATION_202101.tar.gz to /uufs/chpc.utah.edu/common/home/lin-group9/agm/inventories/GRA2PES/base_v1.0/.download
Extracting GRA2PESv1.0_AVIATION_202101.tar.gz
Deleting GRA2PESv1.0_AVIATION_202101.tar.gz

Downloading and extracting COMM for 2021-1
Found 15Tb free space
Downloading ftp://ftp.al.noaa.gov/GRA2PESv1.0_COMM_202101.tar.gz to /uufs/chpc.utah.edu/common/home/lin-group9/agm/inventories/GRA2PES/base_v1.0/.download
Extracting GRA2PESv1.0_COMM_202101.tar.gz
Deleting GRA2PESv1.0_COMM_202101.tar.gz

Downloading and extracting COOKING for 2021-1
Found 15Tb free space
Downloading ftp://ftp.al.noaa.gov/GRA2PESv1.0_COOKING_202101.tar.gz to /uufs/chpc.utah.edu/common/home/lin-group9/agm/inventories/GRA2PES/base_v1.0/.download
Extracting GRA2PESv1.0_COOKING_202101.tar.gz
Deleting GRA2PESv1.0_COOKING_202101.tar.gz

Downloading and extracting EGU for 2021-1
Found 15Tb free space
Downloading ftp://ftp.al.noaa.gov/GRA2PESv1.0_EGU_202101.tar.gz to /uufs/chpc.utah.edu/common/home/lin-group9/agm/inventories/GRA2PES/base_v1.0/.download
Extracting GRA2PESv1.0_EGU_202101.tar.gz
Deleting GRA2PESv1.0_EGU_202101.tar.gz

Downloading and extracting FUG for 2021-1
Found 15Tb free space
Downloading ftp://ftp.al.noaa.gov/GRA2PESv1.0_FUG_202101.tar.gz to /uufs/chpc.utah.edu/common/home/lin-group9/agm/inventories/GRA2PES/base_v1.0/.download
Extracting GRA2PESv1.0_FUG_202101.tar.gz
Deleting GRA2PESv1.0_FUG_202101.tar.gz

Downloading and extracting INDF for 2021-1
Found 15Tb free space
Downloading ftp://ftp.al.noaa.gov/GRA2PESv1.0_INDF_202101.tar.gz to /uufs/chpc.utah.edu/common/home/lin-group9/agm/inventories/GRA2PES/base_v1.0/.download
Extracting GRA2PESv1.0_INDF_202101.tar.gz
Deleting GRA2PESv1.0_INDF_202101.tar.gz

Downloading and extracting INDP for 2021-1
Found 15Tb free space
Downloading ftp://ftp.al.noaa.gov/GRA2PESv1.0_INDP_202101.tar.gz to /uufs/chpc.utah.edu/common/home/lin-group9/agm/inventories/GRA2PES/base_v1.0/.download
Extracting GRA2PESv1.0_INDP_202101.tar.gz
Deleting GRA2PESv1.0_INDP_202101.tar.gz

Downloading and extracting INTERNATIONAL for 2021-1
Found 15Tb free space
Downloading ftp://ftp.al.noaa.gov/GRA2PESv1.0_INTERNATIONAL_202101.tar.gz to /uufs/chpc.utah.edu/common/home/lin-group9/agm/inventories/GRA2PES/base_v1.0/.download
Extracting GRA2PESv1.0_INTERNATIONAL_202101.tar.gz
Deleting GRA2PESv1.0_INTERNATIONAL_202101.tar.gz

Downloading and extracting OFFROAD for 2021-1
Found 15Tb free space
Downloading ftp://ftp.al.noaa.gov/GRA2PESv1.0_OFFROAD_202101.tar.gz to /uufs/chpc.utah.edu/common/home/lin-group9/agm/inventories/GRA2PES/base_v1.0/.download
Extracting GRA2PESv1.0_OFFROAD_202101.tar.gz
Deleting GRA2PESv1.0_OFFROAD_202101.tar.gz

Downloading and extracting OG for 2021-1
Found 15Tb free space
Downloading ftp://ftp.al.noaa.gov/GRA2PESv1.0_OG_202101.tar.gz to /uufs/chpc.utah.edu/common/home/lin-group9/agm/inventories/GRA2PES/base_v1.0/.download
Extracting GRA2PESv1.0_OG_202101.tar.gz
Deleting GRA2PESv1.0_OG_202101.tar.gz

Downloading and extracting ONROAD_DSL for 2021-1
Found 15Tb free space
Downloading ftp://ftp.al.noaa.gov/GRA2PESv1.0_ONROAD_DSL_202101.tar.gz to /uufs/chpc.utah.edu/common/home/lin-group9/agm/inventories/GRA2PES/base_v1.0/.download
Extracting GRA2PESv1.0_ONROAD_DSL_202101.tar.gz
Deleting GRA2PESv1.0_ONROAD_DSL_202101.tar.gz

Downloading and extracting ONROAD_GAS for 2021-1
Found 15Tb free space
Downloading ftp://ftp.al.noaa.gov/GRA2PESv1.0_ONROAD_GAS_202101.tar.gz to /uufs/chpc.utah.edu/common/home/lin-group9/agm/inventories/GRA2PES/base_v1.0/.download
Extracting GRA2PESv1.0_ONROAD_GAS_202101.tar.gz
Deleting GRA2PESv1.0_ONROAD_GAS_202101.tar.gz

Downloading and extracting RAIL for 2021-1
Found 15Tb free space
Downloading ftp://ftp.al.noaa.gov/GRA2PESv1.0_RAIL_202101.tar.gz to /uufs/chpc.utah.edu/common/home/lin-group9/agm/inventories/GRA2PES/base_v1.0/.download
Extracting GRA2PESv1.0_RAIL_202101.tar.gz
Deleting GRA2PESv1.0_RAIL_202101.tar.gz

Downloading and extracting RES for 2021-1
Found 15Tb free space
Downloading ftp://ftp.al.noaa.gov/GRA2PESv1.0_RES_202101.tar.gz to /uufs/chpc.utah.edu/common/home/lin-group9/agm/inventories/GRA2PES/base_v1.0/.download
Extracting GRA2PESv1.0_RES_202101.tar.gz
Deleting GRA2PESv1.0_RES_202101.tar.gz

Downloading and extracting SHIPPING for 2021-1
Found 15Tb free space
Downloading ftp://ftp.al.noaa.gov/GRA2PESv1.0_SHIPPING_202101.tar.gz to /uufs/chpc.utah.edu/common/home/lin-group9/agm/inventories/GRA2PES/base_v1.0/.download
Extracting GRA2PESv1.0_SHIPPING_202101.tar.gz
Deleting GRA2PESv1.0_SHIPPING_202101.tar.gz

Downloading and extracting VCP for 2021-1
Found 15Tb free space
Downloading ftp://ftp.al.noaa.gov/GRA2PESv1.0_VCP_202101.tar.gz to /uufs/chpc.utah.edu/common/home/lin-group9/agm/inventories/GRA2PES/base_v1.0/.download
Extracting GRA2PESv1.0_VCP_202101.tar.gz
Deleting GRA2PESv1.0_VCP_202101.tar.gz

Downloading and extracting WASTE for 2021-1
Found 15Tb free space
Downloading ftp://ftp.al.noaa.gov/GRA2PESv1.0_WASTE_202101.tar.gz to /uufs/chpc.utah.edu/common/home/lin-group9/agm/inventories/GRA2PES/base_v1.0/.download
Extracting GRA2PESv1.0_WASTE_202101.tar.gz
Deleting GRA2PESv1.0_WASTE_202101.tar.gz

Downloading and extracting total for 2021-1
Found 15Tb free space
Downloading ftp://ftp.al.noaa.gov/GRA2PESv1.0_total_202101.tar.gz to /uufs/chpc.utah.edu/common/home/lin-group9/agm/inventories/GRA2PES/base_v1.0/.download
Extracting GRA2PESv1.0_total_202101.tar.gz
Deleting GRA2PESv1.0_total_202101.tar.gz

Downloading and extracting AG for 2021-2
Found 15Tb free space
Downloading ftp://ftp.al.noaa.gov/GRA2PESv1.0_AG_202102.tar.gz to /uufs/chpc.utah.edu/common/home/lin-group9/agm/inventories/GRA2PES/base_v1.0/.download
Extracting GRA2PESv1.0_AG_202102.tar.gz
Deleting GRA2PESv1.0_AG_202102.tar.gz

Downloading and extracting AVIATION for 2021-2
Found 15Tb free space
Downloading ftp://ftp.al.noaa.gov/GRA2PESv1.0_AVIATION_202102.tar.gz to /uufs/chpc.utah.edu/common/home/lin-group9/agm/inventories/GRA2PES/base_v1.0/.download
Extracting GRA2PESv1.0_AVIATION_202102.tar.gz
Deleting GRA2PESv1.0_AVIATION_202102.tar.gz

Downloading and extracting COMM for 2021-2
Found 15Tb free space
Downloading ftp://ftp.al.noaa.gov/GRA2PESv1.0_COMM_202102.tar.gz to /uufs/chpc.utah.edu/common/home/lin-group9/agm/inventories/GRA2PES/base_v1.0/.download
Extracting GRA2PESv1.0_COMM_202102.tar.gz
Deleting GRA2PESv1.0_COMM_202102.tar.gz

Downloading and extracting COOKING for 2021-2
Found 15Tb free space
Downloading ftp://ftp.al.noaa.gov/GRA2PESv1.0_COOKING_202102.tar.gz to /uufs/chpc.utah.edu/common/home/lin-group9/agm/inventories/GRA2PES/base_v1.0/.download
Extracting GRA2PESv1.0_COOKING_202102.tar.gz
Deleting GRA2PESv1.0_COOKING_202102.tar.gz

Downloading and extracting EGU for 2021-2
Found 15Tb free space
Downloading ftp://ftp.al.noaa.gov/GRA2PESv1.0_EGU_202102.tar.gz to /uufs/chpc.utah.edu/common/home/lin-group9/agm/inventories/GRA2PES/base_v1.0/.download
Extracting GRA2PESv1.0_EGU_202102.tar.gz
Deleting GRA2PESv1.0_EGU_202102.tar.gz

Downloading and extracting FUG for 2021-2
Found 15Tb free space
Downloading ftp://ftp.al.noaa.gov/GRA2PESv1.0_FUG_202102.tar.gz to /uufs/chpc.utah.edu/common/home/lin-group9/agm/inventories/GRA2PES/base_v1.0/.download
Extracting GRA2PESv1.0_FUG_202102.tar.gz
Deleting GRA2PESv1.0_FUG_202102.tar.gz

Downloading and extracting INDF for 2021-2
Found 15Tb free space
Downloading ftp://ftp.al.noaa.gov/GRA2PESv1.0_INDF_202102.tar.gz to /uufs/chpc.utah.edu/common/home/lin-group9/agm/inventories/GRA2PES/base_v1.0/.download
Extracting GRA2PESv1.0_INDF_202102.tar.gz
Deleting GRA2PESv1.0_INDF_202102.tar.gz

Downloading and extracting INDP for 2021-2
Found 15Tb free space
Downloading ftp://ftp.al.noaa.gov/GRA2PESv1.0_INDP_202102.tar.gz to /uufs/chpc.utah.edu/common/home/lin-group9/agm/inventories/GRA2PES/base_v1.0/.download
Extracting GRA2PESv1.0_INDP_202102.tar.gz
Deleting GRA2PESv1.0_INDP_202102.tar.gz

Downloading and extracting INTERNATIONAL for 2021-2
Found 15Tb free space
Downloading ftp://ftp.al.noaa.gov/GRA2PESv1.0_INTERNATIONAL_202102.tar.gz to /uufs/chpc.utah.edu/common/home/lin-group9/agm/inventories/GRA2PES/base_v1.0/.download
Extracting GRA2PESv1.0_INTERNATIONAL_202102.tar.gz
Deleting GRA2PESv1.0_INTERNATIONAL_202102.tar.gz

Downloading and extracting OFFROAD for 2021-2
Found 15Tb free space
Downloading ftp://ftp.al.noaa.gov/GRA2PESv1.0_OFFROAD_202102.tar.gz to /uufs/chpc.utah.edu/common/home/lin-group9/agm/inventories/GRA2PES/base_v1.0/.download
Extracting GRA2PESv1.0_OFFROAD_202102.tar.gz
Deleting GRA2PESv1.0_OFFROAD_202102.tar.gz

Downloading and extracting OG for 2021-2
Found 15Tb free space
Downloading ftp://ftp.al.noaa.gov/GRA2PESv1.0_OG_202102.tar.gz to /uufs/chpc.utah.edu/common/home/lin-group9/agm/inventories/GRA2PES/base_v1.0/.download
Extracting GRA2PESv1.0_OG_202102.tar.gz
Deleting GRA2PESv1.0_OG_202102.tar.gz

Downloading and extracting ONROAD_DSL for 2021-2
Found 15Tb free space
Downloading ftp://ftp.al.noaa.gov/GRA2PESv1.0_ONROAD_DSL_202102.tar.gz to /uufs/chpc.utah.edu/common/home/lin-group9/agm/inventories/GRA2PES/base_v1.0/.download
Extracting GRA2PESv1.0_ONROAD_DSL_202102.tar.gz
Deleting GRA2PESv1.0_ONROAD_DSL_202102.tar.gz

Downloading and extracting ONROAD_GAS for 2021-2
Found 15Tb free space
Downloading ftp://ftp.al.noaa.gov/GRA2PESv1.0_ONROAD_GAS_202102.tar.gz to /uufs/chpc.utah.edu/common/home/lin-group9/agm/inventories/GRA2PES/base_v1.0/.download
Extracting GRA2PESv1.0_ONROAD_GAS_202102.tar.gz
Deleting GRA2PESv1.0_ONROAD_GAS_202102.tar.gz

Downloading and extracting RAIL for 2021-2
Found 15Tb free space
Downloading ftp://ftp.al.noaa.gov/GRA2PESv1.0_RAIL_202102.tar.gz to /uufs/chpc.utah.edu/common/home/lin-group9/agm/inventories/GRA2PES/base_v1.0/.download
Extracting GRA2PESv1.0_RAIL_202102.tar.gz
Deleting GRA2PESv1.0_RAIL_202102.tar.gz

Downloading and extracting RES for 2021-2
Found 15Tb free space
Downloading ftp://ftp.al.noaa.gov/GRA2PESv1.0_RES_202102.tar.gz to /uufs/chpc.utah.edu/common/home/lin-group9/agm/inventories/GRA2PES/base_v1.0/.download
Extracting GRA2PESv1.0_RES_202102.tar.gz
Deleting GRA2PESv1.0_RES_202102.tar.gz

Downloading and extracting SHIPPING for 2021-2
Found 15Tb free space
Downloading ftp://ftp.al.noaa.gov/GRA2PESv1.0_SHIPPING_202102.tar.gz to /uufs/chpc.utah.edu/common/home/lin-group9/agm/inventories/GRA2PES/base_v1.0/.download
Extracting GRA2PESv1.0_SHIPPING_202102.tar.gz
Deleting GRA2PESv1.0_SHIPPING_202102.tar.gz

Downloading and extracting VCP for 2021-2
Found 15Tb free space
Downloading ftp://ftp.al.noaa.gov/GRA2PESv1.0_VCP_202102.tar.gz to /uufs/chpc.utah.edu/common/home/lin-group9/agm/inventories/GRA2PES/base_v1.0/.download
Extracting GRA2PESv1.0_VCP_202102.tar.gz
Deleting GRA2PESv1.0_VCP_202102.tar.gz

Downloading and extracting WASTE for 2021-2
Found 15Tb free space
Downloading ftp://ftp.al.noaa.gov/GRA2PESv1.0_WASTE_202102.tar.gz to /uufs/chpc.utah.edu/common/home/lin-group9/agm/inventories/GRA2PES/base_v1.0/.download
Extracting GRA2PESv1.0_WASTE_202102.tar.gz
Deleting GRA2PESv1.0_WASTE_202102.tar.gz

Downloading and extracting total for 2021-2
Found 15Tb free space
Downloading ftp://ftp.al.noaa.gov/GRA2PESv1.0_total_202102.tar.gz to /uufs/chpc.utah.edu/common/home/lin-group9/agm/inventories/GRA2PES/base_v1.0/.download
Extracting GRA2PESv1.0_total_202102.tar.gz
Deleting GRA2PESv1.0_total_202102.tar.gz

Downloading and extracting AG for 2021-3
Found 15Tb free space
Downloading ftp://ftp.al.noaa.gov/GRA2PESv1.0_AG_202103.tar.gz to /uufs/chpc.utah.edu/common/home/lin-group9/agm/inventories/GRA2PES/base_v1.0/.download
Extracting GRA2PESv1.0_AG_202103.tar.gz
Deleting GRA2PESv1.0_AG_202103.tar.gz

Downloading and extracting AVIATION for 2021-3
Found 15Tb free space
Downloading ftp://ftp.al.noaa.gov/GRA2PESv1.0_AVIATION_202103.tar.gz to /uufs/chpc.utah.edu/common/home/lin-group9/agm/inventories/GRA2PES/base_v1.0/.download
Extracting GRA2PESv1.0_AVIATION_202103.tar.gz
Deleting GRA2PESv1.0_AVIATION_202103.tar.gz

Downloading and extracting COMM for 2021-3
Found 15Tb free space
Downloading ftp://ftp.al.noaa.gov/GRA2PESv1.0_COMM_202103.tar.gz to /uufs/chpc.utah.edu/common/home/lin-group9/agm/inventories/GRA2PES/base_v1.0/.download
Extracting GRA2PESv1.0_COMM_202103.tar.gz
Deleting GRA2PESv1.0_COMM_202103.tar.gz

Downloading and extracting COOKING for 2021-3
Found 15Tb free space
Downloading ftp://ftp.al.noaa.gov/GRA2PESv1.0_COOKING_202103.tar.gz to /uufs/chpc.utah.edu/common/home/lin-group9/agm/inventories/GRA2PES/base_v1.0/.download
Extracting GRA2PESv1.0_COOKING_202103.tar.gz
Deleting GRA2PESv1.0_COOKING_202103.tar.gz

Downloading and extracting EGU for 2021-3
Found 15Tb free space
Downloading ftp://ftp.al.noaa.gov/GRA2PESv1.0_EGU_202103.tar.gz to /uufs/chpc.utah.edu/common/home/lin-group9/agm/inventories/GRA2PES/base_v1.0/.download
Extracting GRA2PESv1.0_EGU_202103.tar.gz
Deleting GRA2PESv1.0_EGU_202103.tar.gz

Downloading and extracting FUG for 2021-3
Found 15Tb free space
Downloading ftp://ftp.al.noaa.gov/GRA2PESv1.0_FUG_202103.tar.gz to /uufs/chpc.utah.edu/common/home/lin-group9/agm/inventories/GRA2PES/base_v1.0/.download
Extracting GRA2PESv1.0_FUG_202103.tar.gz
Deleting GRA2PESv1.0_FUG_202103.tar.gz

Downloading and extracting INDF for 2021-3
Found 15Tb free space
Downloading ftp://ftp.al.noaa.gov/GRA2PESv1.0_INDF_202103.tar.gz to /uufs/chpc.utah.edu/common/home/lin-group9/agm/inventories/GRA2PES/base_v1.0/.download
Extracting GRA2PESv1.0_INDF_202103.tar.gz
Deleting GRA2PESv1.0_INDF_202103.tar.gz

Downloading and extracting INDP for 2021-3
Found 15Tb free space
Downloading ftp://ftp.al.noaa.gov/GRA2PESv1.0_INDP_202103.tar.gz to /uufs/chpc.utah.edu/common/home/lin-group9/agm/inventories/GRA2PES/base_v1.0/.download
Extracting GRA2PESv1.0_INDP_202103.tar.gz
Deleting GRA2PESv1.0_INDP_202103.tar.gz

Downloading and extracting INTERNATIONAL for 2021-3
Found 15Tb free space
Downloading ftp://ftp.al.noaa.gov/GRA2PESv1.0_INTERNATIONAL_202103.tar.gz to /uufs/chpc.utah.edu/common/home/lin-group9/agm/inventories/GRA2PES/base_v1.0/.download
Extracting GRA2PESv1.0_INTERNATIONAL_202103.tar.gz
Deleting GRA2PESv1.0_INTERNATIONAL_202103.tar.gz

Downloading and extracting OFFROAD for 2021-3
Found 15Tb free space
Downloading ftp://ftp.al.noaa.gov/GRA2PESv1.0_OFFROAD_202103.tar.gz to /uufs/chpc.utah.edu/common/home/lin-group9/agm/inventories/GRA2PES/base_v1.0/.download
Extracting GRA2PESv1.0_OFFROAD_202103.tar.gz
Deleting GRA2PESv1.0_OFFROAD_202103.tar.gz

Downloading and extracting OG for 2021-3
Found 15Tb free space
Downloading ftp://ftp.al.noaa.gov/GRA2PESv1.0_OG_202103.tar.gz to /uufs/chpc.utah.edu/common/home/lin-group9/agm/inventories/GRA2PES/base_v1.0/.download
Extracting GRA2PESv1.0_OG_202103.tar.gz
Deleting GRA2PESv1.0_OG_202103.tar.gz

Downloading and extracting ONROAD_DSL for 2021-3
Found 15Tb free space
Downloading ftp://ftp.al.noaa.gov/GRA2PESv1.0_ONROAD_DSL_202103.tar.gz to /uufs/chpc.utah.edu/common/home/lin-group9/agm/inventories/GRA2PES/base_v1.0/.download
Extracting GRA2PESv1.0_ONROAD_DSL_202103.tar.gz
Deleting GRA2PESv1.0_ONROAD_DSL_202103.tar.gz

Downloading and extracting ONROAD_GAS for 2021-3
Found 15Tb free space
Downloading ftp://ftp.al.noaa.gov/GRA2PESv1.0_ONROAD_GAS_202103.tar.gz to /uufs/chpc.utah.edu/common/home/lin-group9/agm/inventories/GRA2PES/base_v1.0/.download
Extracting GRA2PESv1.0_ONROAD_GAS_202103.tar.gz
Deleting GRA2PESv1.0_ONROAD_GAS_202103.tar.gz

Downloading and extracting RAIL for 2021-3
Found 15Tb free space
Downloading ftp://ftp.al.noaa.gov/GRA2PESv1.0_RAIL_202103.tar.gz to /uufs/chpc.utah.edu/common/home/lin-group9/agm/inventories/GRA2PES/base_v1.0/.download
Extracting GRA2PESv1.0_RAIL_202103.tar.gz
Deleting GRA2PESv1.0_RAIL_202103.tar.gz

Downloading and extracting RES for 2021-3
Found 15Tb free space
Downloading ftp://ftp.al.noaa.gov/GRA2PESv1.0_RES_202103.tar.gz to /uufs/chpc.utah.edu/common/home/lin-group9/agm/inventories/GRA2PES/base_v1.0/.download
