Regridding GRA2PES data from base (Lambert Conical Conformal) to regridded (Lat/Lon)
Git hash of this regrid = 133db5a98e211a6d8f0d577d40548b9866140ecf
Starting regrid at 1730678023.1117494
Saving regridded data to /uufs/chpc.utah.edu/common/home/lin-group9/agm/inventories/GRA2PES/regridded0.025x0.025

Regridding AG for 2021-6 weekdy
Found 13Tb free space
Summing on dimension  zlevel
Creating regridder
Regridding
Slicing extent:  {'lon_min': -113, 'lon_max': -111, 'lat_min': 40, 'lat_max': 42}
Loading regridded dataset into memory
Saving regridded dataset

Regridding AVIATION for 2021-6 weekdy
Found 13Tb free space
Summing on dimension  zlevel
Regridding
Slicing extent:  {'lon_min': -113, 'lon_max': -111, 'lat_min': 40, 'lat_max': 42}
Loading regridded dataset into memory
Saving regridded dataset

Regridding COMM for 2021-6 weekdy
Found 13Tb free space
Summing on dimension  zlevel
Regridding
Slicing extent:  {'lon_min': -113, 'lon_max': -111, 'lat_min': 40, 'lat_max': 42}
Loading regridded dataset into memory
Saving regridded dataset

Regridding COOKING for 2021-6 weekdy
Found 13Tb free space
Summing on dimension  zlevel
Regridding
Slicing extent:  {'lon_min': -113, 'lon_max': -111, 'lat_min': 40, 'lat_max': 42}
Loading regridded dataset into memory
Saving regridded dataset

Regridding EGU for 2021-6 weekdy
Found 13Tb free space
Summing on dimension  zlevel
Regridding
Slicing extent:  {'lon_min': -113, 'lon_max': -111, 'lat_min': 40, 'lat_max': 42}
Loading regridded dataset into memory
Saving regridded dataset

Regridding FUG for 2021-6 weekdy
Found 13Tb free space
Summing on dimension  zlevel
Regridding
Slicing extent:  {'lon_min': -113, 'lon_max': -111, 'lat_min': 40, 'lat_max': 42}
Loading regridded dataset into memory
Saving regridded dataset

Regridding INDF for 2021-6 weekdy
Found 13Tb free space
Summing on dimension  zlevel
Regridding
Slicing extent:  {'lon_min': -113, 'lon_max': -111, 'lat_min': 40, 'lat_max': 42}
Loading regridded dataset into memory
Saving regridded dataset

Regridding INDP for 2021-6 weekdy
Found 13Tb free space
Summing on dimension  zlevel
Regridding
Slicing extent:  {'lon_min': -113, 'lon_max': -111, 'lat_min': 40, 'lat_max': 42}
Loading regridded dataset into memory
Saving regridded dataset

Regridding INTERNATIONAL for 2021-6 weekdy
Found 13Tb free space
Summing on dimension  zlevel
Regridding
Slicing extent:  {'lon_min': -113, 'lon_max': -111, 'lat_min': 40, 'lat_max': 42}
Loading regridded dataset into memory
Saving regridded dataset

Regridding OFFROAD for 2021-6 weekdy
Found 13Tb free space
Summing on dimension  zlevel
Regridding
Slicing extent:  {'lon_min': -113, 'lon_max': -111, 'lat_min': 40, 'lat_max': 42}
Loading regridded dataset into memory
Saving regridded dataset

Regridding OG for 2021-6 weekdy
Found 13Tb free space
Summing on dimension  zlevel
Regridding
Slicing extent:  {'lon_min': -113, 'lon_max': -111, 'lat_min': 40, 'lat_max': 42}
Loading regridded dataset into memory
Saving regridded dataset

Regridding ONROAD_DSL for 2021-6 weekdy
Found 13Tb free space
Summing on dimension  zlevel
Regridding
Slicing extent:  {'lon_min': -113, 'lon_max': -111, 'lat_min': 40, 'lat_max': 42}
Loading regridded dataset into memory
Saving regridded dataset

Regridding ONROAD_GAS for 2021-6 weekdy
Found 13Tb free space
Summing on dimension  zlevel
Regridding
Slicing extent:  {'lon_min': -113, 'lon_max': -111, 'lat_min': 40, 'lat_max': 42}
Loading regridded dataset into memory
Saving regridded dataset

Regridding RAIL for 2021-6 weekdy
Found 13Tb free space
Summing on dimension  zlevel
Regridding
Slicing extent:  {'lon_min': -113, 'lon_max': -111, 'lat_min': 40, 'lat_max': 42}
Loading regridded dataset into memory
Saving regridded dataset

Regridding RES for 2021-6 weekdy
Found 13Tb free space
Summing on dimension  zlevel
Regridding
Slicing extent:  {'lon_min': -113, 'lon_max': -111, 'lat_min': 40, 'lat_max': 42}
Loading regridded dataset into memory
Saving regridded dataset

Regridding SHIPPING for 2021-6 weekdy
Found 13Tb free space
Summing on dimension  zlevel
Regridding
Slicing extent:  {'lon_min': -113, 'lon_max': -111, 'lat_min': 40, 'lat_max': 42}
Loading regridded dataset into memory
Saving regridded dataset

Regridding VCP for 2021-6 weekdy
Found 13Tb free space
Summing on dimension  zlevel
Regridding
Slicing extent:  {'lon_min': -113, 'lon_max': -111, 'lat_min': 40, 'lat_max': 42}
Loading regridded dataset into memory
Saving regridded dataset

Regridding WASTE for 2021-6 weekdy
Found 13Tb free space
Summing on dimension  zlevel
Regridding
Slicing extent:  {'lon_min': -113, 'lon_max': -111, 'lat_min': 40, 'lat_max': 42}
Loading regridded dataset into memory
Saving regridded dataset

Regridding total for 2021-6 weekdy
Found 13Tb free space
Summing on dimension  zlevel
Regridding
Slicing extent:  {'lon_min': -113, 'lon_max': -111, 'lat_min': 40, 'lat_max': 42}
Loading regridded dataset into memory
Saving regridded dataset

Finished regrid at 1730678938.6040351
Time taken: 915.4922857284546
