Beginning GRA2PES base data download and organization at 1730760038.3407302
Downloading and extracting for years: [2021], months: [1], sectors: ['AG', 'AVIATION']

Downloading and extracting AG for 2021-1
Found 13Tb free space
Downloading ftp://ftp.al.noaa.gov/GRA2PESv1.0_AG_202101.tar.gz to /uufs/chpc.utah.edu/common/home/lin-group9/agm/inventories/GRA2PES_2/base_v1.0/.download
Extracting GRA2PESv1.0_AG_202101.tar.gz
Deleting GRA2PESv1.0_AG_202101.tar.gz

Downloading and extracting AVIATION for 2021-1
Found 13Tb free space
Downloading ftp://ftp.al.noaa.gov/GRA2PESv1.0_AVIATION_202101.tar.gz to /uufs/chpc.utah.edu/common/home/lin-group9/agm/inventories/GRA2PES_2/base_v1.0/.download
Extracting GRA2PESv1.0_AVIATION_202101.tar.gz
Deleting GRA2PESv1.0_AVIATION_202101.tar.gz

Downloading and extracting AG for 2021 methane
Found 13Tb free space
Downloading ftp://ftp.al.noaa.gov/methane/GRA2PES_AG_2021_methane.tar.gz to /uufs/chpc.utah.edu/common/home/lin-group9/agm/inventories/GRA2PES_2/base_v1.0/.download/methane
Extracting GRA2PES_AG_2021_methane.tar.gz
Deleting GRA2PES_AG_2021_methane.tar.gz
Organizing extra "methane"

Downloading and extracting AVIATION for 2021 methane
Found 13Tb free space
Downloading ftp://ftp.al.noaa.gov/methane/GRA2PES_AVIATION_2021_methane.tar.gz to /uufs/chpc.utah.edu/common/home/lin-group9/agm/inventories/GRA2PES_2/base_v1.0/.download/methane
Extracting GRA2PES_AVIATION_2021_methane.tar.gz
Deleting GRA2PES_AVIATION_2021_methane.tar.gz
Organizing extra "methane"

Downloading and extracting COMM for 2021 methane
Found 13Tb free space
Downloading ftp://ftp.al.noaa.gov/methane/GRA2PES_COMM_2021_methane.tar.gz to /uufs/chpc.utah.edu/common/home/lin-group9/agm/inventories/GRA2PES_2/base_v1.0/.download/methane
slurmstepd: error: *** JOB 13496671 ON kp376 CANCELLED AT 2024-11-04T16:11:51 ***
