Regridding GRA2PES data from base (Lambert Conical Conformal) to regridded (Lat/Lon)
Git hash of this regrid = ac749fdf56e9fab561f9a13edee9ae70486b865d
Starting regrid at 1730764276.4517632
('south_north', 'west_east')
Saving regridded data to /uufs/chpc.utah.edu/common/home/lin-group9/agm/inventories/GRA2PES_2/regridded0.025x0.025
Years: [2021]
Months: [1]
Day types: ['satdy']
Sectors: ['AG', 'AVIATION']
Specs: ['CO2', 'CO', 'HC01']
Extra ids: methane
Pre processes:  sum_on_dim zlevel
Post processes:  slice_extent {'lon_min': -113, 'lon_max': -111, 'lat_min': 40, 'lat_max': 42}


Regridding AG for 2021-1 satdy
Found 13Tb free space
Summing on dimension  zlevel
Creating regridder
('south_north', 'west_east') here2
Regridding
Slicing extent:  {'lon_min': -113, 'lon_max': -111, 'lat_min': 40, 'lat_max': 42}
Loading regridded dataset into memory
Saving regridded dataset

Regridding AVIATION for 2021-1 satdy
Found 13Tb free space
Summing on dimension  zlevel
Regridding
Slicing extent:  {'lon_min': -113, 'lon_max': -111, 'lat_min': 40, 'lat_max': 42}
Loading regridded dataset into memory
Saving regridded dataset

Traceback (most recent call last):
  File "/uufs/chpc.utah.edu/common/home/u0890904/LAIR_1/atmos/inventories/gra2pes/gra2pes_regrid.py", line 144, in <module>
  File "/uufs/chpc.utah.edu/common/home/u0890904/LAIR_1/atmos/inventories/gra2pes/gra2pes_regrid.py", line 130, in main
    regridded_ds = gra2pes_regridder.regrid(base_ds)
    ^^^^^^^^^^^^^^^^^^^^^^^^^^^^^^^^^^^^^^^^^^^^^^^^^
TypeError: Gra2pesRegridder.save_regrid_weights() missing 1 required positional argument: 'save_path'
sed: can't read ./slurm/logs/csl_regrid_13496813.out: No such file or directory
Copying log file to /details
cp: cannot stat './slurm/logs/csl_regrid_13496813.out': No such file or directory
