Regridding GRA2PES data from base (Lambert Conical Conformal) to regridded (Lat/Lon)
Git hash of this regrid = ac749fdf56e9fab561f9a13edee9ae70486b865d
Starting regrid at 1730764709.6682696
Saving regridded data to /uufs/chpc.utah.edu/common/home/lin-group9/agm/inventories/GRA2PES_2/regridded0.025x0.025
Years: [2021]
Months: [1]
Day types: ['satdy']
Sectors: ['AG', 'AVIATION']
Specs: ['CO2', 'CO', 'HC01']
Extra ids: methane
Pre processes:  sum_on_dim zlevel
Post processes:  slice_extent {'lon_min': -113, 'lon_max': -111, 'lat_min': 40, 'lat_max': 42}


Regridding AG for 2021-1 satdy
Found 13Tb free space
Creating regridder
Regridding
Loading regridded dataset into memory
Saving regridded dataset

Regridding AVIATION for 2021-1 satdy
Found 13Tb free space
Regridding
Loading regridded dataset into memory
Saving regridded dataset

Traceback (most recent call last):
  File "/uufs/chpc.utah.edu/common/home/u0890904/LAIR_1/atmos/inventories/gra2pes/gra2pes_regrid.py", line 141, in <module>
    main()
  File "/uufs/chpc.utah.edu/common/home/u0890904/LAIR_1/atmos/inventories/gra2pes/gra2pes_regrid.py", line 127, in main
    gra2pes_regridder.save_regrid_weights(details_path,details_path)
  File "/uufs/chpc.utah.edu/common/home/u0890904/LAIR_1/atmos/inventories/gra2pes/gra2pes_utils.py", line 402, in save_regrid_weights
    regridder.to_netcdf(os.path.join(save_path,fname))
    ^^^^^^^^^^^^^^^^^^^
AttributeError: 'str' object has no attribute 'to_netcdf'
sed: can't read ./slurm/logs/csl_regrid_13496818.out: No such file or directory
Copying log file to /details
cp: cannot stat './slurm/logs/csl_regrid_13496818.out': No such file or directory
